La génération a démarré 14/01/2015 00:39:30.
     1>Projet "C:\Users\Zizou\Documents\cpp\IAmorpion\morpionIA\morpionIA.vcxproj" sur le nœud 2 (Rebuild cible(s)).
     1>ClCompile:
         C:\Program Files (x86)\Microsoft Visual Studio 12.0\VC\bin\CL.exe /c /IC:\Users\Zizou\Documents\cpp\uselibgraph\include /IC:\Users\Marc\Desktop\annees_etudes\M1_info_sophia\S7\C++\PROJET\uselibgraph\uselibgraph\include /Zi /nologo /W3 /WX- /sdl /O2 /Oi /Oy- /GL /D WIN32 /D NDEBUG /D _CONSOLE /D _LIB /D _UNICODE /D UNICODE /Gm- /EHsc /MD /GS /Gy /fp:precise /Zc:wchar_t /Zc:forScope /Fo"Release\\" /Fd"Release\vc120.pdb" /Gd /TP /analyze- /errorReport:prompt GameManagement.cpp IA.cpp main.cpp MyControlEngine.cpp MyGameEngine.cpp MyGraphicEngine.cpp Square.cpp utility.cpp
         GameManagement.cpp
     1>GameManagement.cpp(51): warning C4018: '<' : incompatibilité signed/unsigned
     1>GameManagement.cpp(60): warning C4018: '<' : incompatibilité signed/unsigned
     1>GameManagement.cpp(67): warning C4018: '<' : incompatibilité signed/unsigned
     1>GameManagement.cpp(130): warning C4018: '<' : incompatibilité signed/unsigned
     1>GameManagement.cpp(139): warning C4018: '<' : incompatibilité signed/unsigned
     1>GameManagement.cpp(146): warning C4018: '<' : incompatibilité signed/unsigned
     1>GameManagement.cpp(217): warning C4018: '<' : incompatibilité signed/unsigned
     1>GameManagement.cpp(218): warning C4018: '<' : incompatibilité signed/unsigned
     1>GameManagement.cpp(243): warning C4018: '<' : incompatibilité signed/unsigned
     1>GameManagement.cpp(244): warning C4018: '<' : incompatibilité signed/unsigned
         IA.cpp
     1>IA.cpp(151): warning C4018: '<' : incompatibilité signed/unsigned
     1>IA.cpp(164): warning C4018: '<' : incompatibilité signed/unsigned
     1>IA.cpp(434): warning C4018: '<' : incompatibilité signed/unsigned
     1>IA.cpp(467): warning C4018: '<' : incompatibilité signed/unsigned
     1>IA.cpp(501): warning C4018: '<' : incompatibilité signed/unsigned
         main.cpp
         MyControlEngine.cpp
         MyGameEngine.cpp
         MyGraphicEngine.cpp
     1>MyGraphicEngine.cpp(143): warning C4018: '<' : incompatibilité signed/unsigned
     1>MyGraphicEngine.cpp(144): warning C4018: '<' : incompatibilité signed/unsigned
     1>MyGraphicEngine.cpp(179): warning C4018: '<' : incompatibilité signed/unsigned
     1>MyGraphicEngine.cpp(180): warning C4018: '<' : incompatibilité signed/unsigned
         Square.cpp
         utility.cpp
       Link:
         C:\Program Files (x86)\Microsoft Visual Studio 12.0\VC\bin\link.exe /ERRORREPORT:PROMPT /OUT:"C:\Users\Zizou\Documents\cpp\IAmorpion\Release\morpionIA.exe" /INCREMENTAL:NO /NOLOGO /LIBPATH:C:\Users\Zizou\Documents\cpp\uselibgraph\libwin /LIBPATH:C:\Users\Marc\Desktop\annees_etudes\M1_info_sophia\S7\C++\PROJET\uselibgraph\uselibgraph\libWin engine.lib glut32.lib kernel32.lib user32.lib gdi32.lib winspool.lib comdlg32.lib advapi32.lib shell32.lib ole32.lib oleaut32.lib uuid.lib odbc32.lib odbccp32.lib /MANIFEST /MANIFESTUAC:"level='asInvoker' uiAccess='false'" /manifest:embed /DEBUG /PDB:"C:\Users\Zizou\Documents\cpp\IAmorpion\Release\morpionIA.pdb" /SUBSYSTEM:CONSOLE /OPT:REF /OPT:ICF /LTCG /TLBID:1 /DYNAMICBASE /NXCOMPAT /IMPLIB:"C:\Users\Zizou\Documents\cpp\IAmorpion\Release\morpionIA.lib" /MACHINE:X86 /SAFESEH Release\GameManagement.obj
         Release\IA.obj
         Release\main.obj
         Release\MyControlEngine.obj
         Release\MyGameEngine.obj
         Release\MyGraphicEngine.obj
         Release\Square.obj
         Release\utility.obj
         Génération de code en cours
         Fin de la génération du code
     1>engine.lib(Engine.obj) : warning LNK4099: PDB 'vc120.pdb' n'a pu être trouvé avec 'engine.lib(Engine.obj)' ou sur 'C:\Users\Zizou\Documents\cpp\IAmorpion\Release\vc120.pdb' ; l'objet sera lié sans informations de débogage
     1>engine.lib(GameEngine.obj) : warning LNK4099: PDB 'vc120.pdb' n'a pu être trouvé avec 'engine.lib(GameEngine.obj)' ou sur 'C:\Users\Zizou\Documents\cpp\IAmorpion\Release\vc120.pdb' ; l'objet sera lié sans informations de débogage
     1>engine.lib(ControlEngine.obj) : warning LNK4099: PDB 'vc120.pdb' n'a pu être trouvé avec 'engine.lib(ControlEngine.obj)' ou sur 'C:\Users\Zizou\Documents\cpp\IAmorpion\Release\vc120.pdb' ; l'objet sera lié sans informations de débogage
     1>engine.lib(GraphicEngine.obj) : warning LNK4099: PDB 'vc120.pdb' n'a pu être trouvé avec 'engine.lib(GraphicEngine.obj)' ou sur 'C:\Users\Zizou\Documents\cpp\IAmorpion\Release\vc120.pdb' ; l'objet sera lié sans informations de débogage
     1>engine.lib(GraphicPrimitives.obj) : warning LNK4099: PDB 'vc120.pdb' n'a pu être trouvé avec 'engine.lib(GraphicPrimitives.obj)' ou sur 'C:\Users\Zizou\Documents\cpp\IAmorpion\Release\vc120.pdb' ; l'objet sera lié sans informations de débogage
         morpionIA.vcxproj -> C:\Users\Zizou\Documents\cpp\IAmorpion\Release\morpionIA.exe
     1>Génération du projet "C:\Users\Zizou\Documents\cpp\IAmorpion\morpionIA\morpionIA.vcxproj" terminée (Rebuild cible(s)).

La génération a réussi.

Temps écoulé 00:00:04.79
